<?xml version="1.0" encoding="UTF-8"?>
<!-- Generated by org.testng.reporters.JUnitReportReporter -->
<testsuite hostname="EC2AMAZ-6D3ISV7" failures="0" tests="1" name="Sprint1.Day1" time="12.947" errors="0" timestamp="2022-04-16T16:17:17 UTC" skipped="0">
  <testcase classname="Sprint1.Day1" name="Opening" time="12.947"/>
  <system-out/>
</testsuite> <!-- Sprint1.Day1 -->
