<?xml version="1.0" encoding="UTF-8"?>
<!-- Generated by org.testng.reporters.JUnitReportReporter -->
<testsuite hostname="EC2AMAZ-6D3ISV7" failures="0" tests="1" name="Sprint1.Day1" time="16.148" errors="0" timestamp="2022-04-23T16:11:36 UTC" skipped="0">
  <testcase classname="Sprint1.Day1" name="Opening" time="16.148"/>
  <system-out/>
</testsuite> <!-- Sprint1.Day1 -->
