<?xml version="1.0" encoding="UTF-8"?>
<!-- Generated by org.testng.reporters.JUnitReportReporter -->
<testsuite hostname="EC2AMAZ-6D3ISV7" failures="0" tests="1" name="Sprint1.Day2" time="13.942" errors="0" timestamp="2022-03-07T03:36:53 UTC" skipped="0">
  <testcase classname="Sprint1.Day2" name="setup" time="13.942"/>
  <system-out/>
</testsuite> <!-- Sprint1.Day2 -->
