<?xml version="1.0" encoding="UTF-8"?>
<!-- Generated by org.testng.reporters.JUnitReportReporter -->
<testsuite hostname="EC2AMAZ-6D3ISV7" failures="0" tests="1" name="Sprint1.Day1" time="14.963" errors="0" timestamp="2022-04-17T16:13:24 UTC" skipped="0">
  <testcase classname="Sprint1.Day1" name="Opening" time="14.963"/>
  <system-out/>
</testsuite> <!-- Sprint1.Day1 -->
