<?xml version="1.0" encoding="UTF-8"?>
<!-- Generated by org.testng.reporters.JUnitReportReporter -->
<testsuite hostname="EC2AMAZ-6D3ISV7" failures="0" tests="1" name="Sprint1.Day3" time="3.509" errors="0" timestamp="2022-04-23T16:11:36 UTC" skipped="0">
  <testcase classname="Sprint1.Day3" name="CreateAccount" time="3.509"/>
  <system-out/>
</testsuite> <!-- Sprint1.Day3 -->
