<?xml version="1.0" encoding="UTF-8"?>
<!-- Generated by org.testng.reporters.JUnitReportReporter -->
<testsuite hostname="EC2AMAZ-6D3ISV7" failures="0" tests="1" name="Sprint1.Day5" time="13.524" errors="0" timestamp="2022-04-24T16:37:38 UTC" skipped="0">
  <testcase classname="Sprint1.Day5" name="signin" time="13.524"/>
  <system-out/>
</testsuite> <!-- Sprint1.Day5 -->
